{"timestamp": "2025-04-08 21:38:03", "user_id": 1, "username": "admin1", "entity_type": "patient", "entity_id": 18, "action": "update", "details": {"changes": {"first_name": {"old": "Penn", "new": "Penny"}}, "patient_name": "Penny Adams"}}
{"timestamp": "2025-04-08 21:49:49", "user_id": 1, "username": "admin1", "entity_type": "bed", "entity_id": 45, "action": "update", "details": {"bed_number": 1503, "ward_id": 15, "ward_name": "Burn Ward A", "changes": {"status": {"old": "Cleaning", "new": "Maintenance"}}}}
{"timestamp": "2025-04-08 21:52:34", "user_id": 1, "username": "admin1", "entity_type": "patient", "entity_id": 26, "action": "update", "details": {"changes": {"last_name": {"old": "Test", "new": "Testy"}}, "patient_name": "Test Testy"}}
{"timestamp": "2025-04-08 22:06:23", "user_id": 1, "username": "admin1", "entity_type": "patient", "entity_id": 27, "action": "create", "details": {"patient_name": "blah asdf", "details": {"bed_id": "59", "ward_id": "20", "doctor_id": "2", "diagnosis": "Stupidity"}}}
{"timestamp": "2025-04-08 22:07:01", "user_id": 1, "username": "admin1", "entity_type": "admission", "entity_id": 27, "action": "discharge", "details": {"patient_id": 27, "patient_name": "blah asdf", "bed_id": 59, "admission_date": "2025-04-08", "discharge_date": "2025-04-08"}}
{"timestamp": "2025-04-08 22:10:16", "user_id": 1, "username": "admin1", "entity_type": "ward", "entity_id": 22, "action": "create", "details": {"ward_name": "blah", "ward_type": "General", "ward_capacity": 3}}
{"timestamp": "2025-04-08 22:10:22", "user_id": 1, "username": "admin1", "entity_type": "ward", "entity_id": 22, "action": "delete", "details": {"ward_name": "blah"}}
{"timestamp": "2025-04-09 11:11:55", "user_id": 1, "username": "admin1", "entity_type": "patient", "entity_id": 18, "action": "update", "details": {"changes": {}, "patient_name": "Penny Adams"}}
{"timestamp": "2025-04-09 11:14:34", "user_id": 1, "username": "admin1", "entity_type": "patient", "entity_id": 18, "action": "delete", "details": {"patient_name": "Penny Adams", "details": "Patient and all related records deleted by administrator admin1"}}
{"timestamp": "2025-04-09 11:58:22", "user_id": 2, "username": "doctor1", "entity_type": "medical_record", "entity_id": 20, "action": "update", "details": {"patient_id": 20, "patient_name": "Rachel Carter", "changes": {"allergies": {"old": "None", "new": "Peanuts"}}}}
{"timestamp": "2025-04-09 11:58:22", "user_id": 2, "username": "doctor1", "entity_type": "medical_record", "entity_id": 20, "action": "update", "details": {"patient_id": 20, "patient_name": "Rachel Carter", "changes": {}}}
{"timestamp": "2025-04-09 18:20:24", "user_id": 1, "username": "admin1", "entity_type": "patient", "entity_id": 28, "action": "create", "details": {"patient_name": "Test test", "details": {"bed_id": "23", "ward_id": "8", "doctor_id": "2", "diagnosis": "Test"}}}
{"timestamp": "2025-04-09 18:20:33", "user_id": 1, "username": "admin1", "entity_type": "patient", "entity_id": 28, "action": "update", "details": {"changes": {}, "patient_name": "Test test"}}
{"timestamp": "2025-04-09 18:39:35", "user_id": 1, "username": "admin1", "entity_type": "patient", "entity_id": 29, "action": "create", "details": {"patient_name": "Test Test", "details": {"bed_id": "5", "ward_id": "2", "doctor_id": "2", "diagnosis": "Narcolepsy"}}}
{"timestamp": "2025-04-09 18:39:42", "user_id": 1, "username": "admin1", "entity_type": "patient", "entity_id": 29, "action": "update", "details": {"changes": {}, "patient_name": "Test Test"}}
{"timestamp": "2025-04-09 18:42:26", "user_id": 1, "username": "admin1", "entity_type": "patient", "entity_id": 30, "action": "create", "details": {"patient_name": "Test Test", "details": {"bed_id": "2", "ward_id": "1", "doctor_id": "2", "diagnosis": "Narcolepsy"}}}
{"timestamp": "2025-04-09 18:49:02", "user_id": 1, "username": "admin1", "entity_type": "admission", "entity_id": 29, "action": "discharge", "details": {"patient_id": 29, "patient_name": "Test Test", "bed_id": 5, "admission_date": "2025-04-09", "discharge_date": "2025-04-09"}}
{"timestamp": "2025-04-09 18:49:15", "user_id": 1, "username": "admin1", "entity_type": "patient", "entity_id": 29, "action": "delete", "details": {"patient_name": "Test Test", "details": "Patient and all related records deleted by administrator admin1"}}
{"timestamp": "2025-04-09 18:52:32", "user_id": 1, "username": "admin1", "entity_type": "admission", "entity_id": 30, "action": "discharge", "details": {"patient_id": 30, "patient_name": "Test Test", "bed_id": 2, "admission_date": "2025-04-09", "discharge_date": "2025-04-09"}}
{"timestamp": "2025-04-09 18:52:34", "user_id": 1, "username": "admin1", "entity_type": "patient", "entity_id": 30, "action": "delete", "details": {"patient_name": "Test Test", "details": "Patient and all related records deleted by administrator admin1"}}
{"timestamp": "2025-04-09 18:52:39", "user_id": 1, "username": "admin1", "entity_type": "admission", "entity_id": 26, "action": "discharge", "details": {"patient_id": 26, "patient_name": "Test Testy", "bed_id": 29, "admission_date": "2025-04-08", "discharge_date": "2025-04-09"}}
{"timestamp": "2025-04-09 18:52:41", "user_id": 1, "username": "admin1", "entity_type": "patient", "entity_id": 26, "action": "delete", "details": {"patient_name": "Test Testy", "details": "Patient and all related records deleted by administrator admin1"}}
{"timestamp": "2025-04-09 18:52:46", "user_id": 1, "username": "admin1", "entity_type": "patient", "entity_id": 23, "action": "update", "details": {"patient_name": "test test", "note": "Attempted discharge but no active admission found"}}
{"timestamp": "2025-04-09 18:52:47", "user_id": 1, "username": "admin1", "entity_type": "patient", "entity_id": 23, "action": "delete", "details": {"patient_name": "test test", "details": "Patient and all related records deleted by administrator admin1"}}
{"timestamp": "2025-04-09 18:52:51", "user_id": 1, "username": "admin1", "entity_type": "admission", "entity_id": 28, "action": "discharge", "details": {"patient_id": 28, "patient_name": "Test test", "bed_id": 23, "admission_date": "2025-04-09", "discharge_date": "2025-04-09"}}
{"timestamp": "2025-04-09 18:52:52", "user_id": 1, "username": "admin1", "entity_type": "patient", "entity_id": 28, "action": "delete", "details": {"patient_name": "Test test", "details": "Patient and all related records deleted by administrator admin1"}}
{"timestamp": "2025-04-09 18:53:08", "user_id": 1, "username": "admin1", "entity_type": "bed", "entity_id": 45, "action": "update", "details": {"bed_number": 1503, "ward_id": 15, "ward_name": "Burn Ward A", "changes": {"status": {"old": "Maintenance", "new": "Occupied"}}}}
{"timestamp": "2025-04-09 18:53:14", "user_id": 1, "username": "admin1", "entity_type": "bed", "entity_id": 45, "action": "update", "details": {"bed_number": 1503, "ward_id": 15, "ward_name": "Burn Ward A", "changes": {"status": {"old": "Occupied", "new": "Maintenance"}}}}
{"timestamp": "2025-04-09 18:53:46", "user_id": 1, "username": "admin1", "entity_type": "user", "entity_id": 4, "action": "create", "details": {"user_name": "doctor2", "role_id": 2, "role_name": "Doctor"}}
{"timestamp": "2025-04-09 19:06:49", "user_id": 1, "username": "admin1", "entity_type": "patient", "entity_id": 27, "action": "update", "details": {"patient_name": "blah asdf", "note": "Attempted discharge but no active admission found"}}
{"timestamp": "2025-04-09 19:06:51", "user_id": 1, "username": "admin1", "entity_type": "patient", "entity_id": 27, "action": "delete", "details": {"patient_name": "blah asdf", "details": "Patient and all related records deleted by administrator admin1"}}
{"timestamp": "2025-04-09 19:09:31", "user_id": 1, "username": "admin1", "entity_type": "ward", "entity_id": 15, "action": "update", "details": {"ward_name": "Burn Ward A", "changes": {}}}
{"timestamp": "2025-04-09 19:44:10", "user_id": 2, "username": "doctor1", "entity_type": "patient", "entity_id": 13, "action": "update", "details": {"patient_name": "Kevin Allen", "note": "Attempted discharge but no active admission found"}}
{"timestamp": "2025-04-09 19:44:50", "user_id": 2, "username": "doctor1", "entity_type": "patient", "entity_id": 31, "action": "create", "details": {"patient_name": "Test Test", "details": {"bed_id": "11", "ward_id": "4", "doctor_id": "2", "diagnosis": "Narcolepsy"}}}
{"timestamp": "2025-04-09 19:46:31", "user_id": 1, "username": "admin1", "entity_type": "ward", "entity_id": 15, "action": "update", "details": {"ward_name": "Burn Ward A", "changes": {}}}
{"timestamp": "2025-04-09 20:05:07", "user_id": 3, "username": "nurse1", "entity_type": "bed", "entity_id": 61, "action": "update", "details": {"bed_number": 1504, "ward_id": 15, "ward_name": "Burn Ward A", "changes": {"status": {"old": "Vacant", "new": "Cleaning"}}}}
{"timestamp": "2025-04-09 20:07:01", "user_id": 2, "username": "doctor1", "entity_type": "patient", "entity_id": 32, "action": "create", "details": {"patient_name": "Test1 Test", "details": {"bed_id": "13", "ward_id": "5", "doctor_id": "2", "diagnosis": "Brain Cancer"}}}
{"timestamp": "2025-04-09 20:07:09", "user_id": 2, "username": "doctor1", "entity_type": "admission", "entity_id": 32, "action": "discharge", "details": {"patient_id": 32, "patient_name": "Test1 Test", "bed_id": 13, "admission_date": "2025-04-09", "discharge_date": "2025-04-09"}}
{"timestamp": "2025-04-09 20:07:59", "user_id": 1, "username": "admin1", "entity_type": "user", "entity_id": 5, "action": "create", "details": {"user_name": "nurse2", "role_id": 3, "role_name": "Nurse"}}
{"timestamp": "2025-04-09 20:09:07", "user_id": 1, "username": "admin1", "entity_type": "ward", "entity_id": 15, "action": "update", "details": {"ward_name": "Burn Ward A", "changes": {}}}
